<testsuites id="" name="" tests="0" failures="0" skipped="0" errors="0" time="18.825304999999993">
</testsuites>